20
70
100000
900
0
58000
4020
12000
119980
13
28
4183
4145
83827
60724
495
397
4516
6395
96086
92798
9942
63758
51549
32495
74091
200279
92
302
6096
6139
91594
96959
1020
1268
9986
10877
197475
165113
3048
17040
95075
35380
225648
230750
968
1289
7657
9991
104945
103419
4265
1353
10640
10496
199940
200341
93739
13077
106077
18532
273957
218349
1999
4000
9981
9995
99878
107744
4312
4678
10535
10397
199867
200621
25900
29990
37509
60010
257688
239386